[main 551a4d7] Auto commit 1 at 2025-10-14 18:07:01.179900
 1 file changed, 1 insertion(+)
[main f7e1bce] Auto commit 2 at 2025-10-14 18:07:03.336529
 1 file changed, 1 insertion(+)
[main 52bbe88] Auto commit 3 at 2025-10-14 18:07:04.530318
 1 file changed, 1 insertion(+)
[main 9f0688f] Auto commit 4 at 2025-10-14 18:07:09.706830
 1 file changed, 1 insertion(+)
[main d6948a5] Auto commit 5 at 2025-10-14 18:07:12.880459
 1 file changed, 1 insertion(+)
[main ee9e95e] Auto commit 6 at 2025-10-14 18:07:15.031866
 1 file changed, 1 insertion(+)
[main cab0ddb] Auto commit 7 at 2025-10-14 18:07:18.138869
 1 file changed, 1 insertion(+)
[main e073908] Auto commit 8 at 2025-10-14 18:07:20.282297
 1 file changed, 1 insertion(+)
[main 4617471] Auto commit 9 at 2025-10-14 18:07:21.451423
 1 file changed, 1 insertion(+)
[main 6773a14] Auto commit 10 at 2025-10-14 18:07:22.622775
 1 file changed, 1 insertion(+)
[main 92f04fc] Auto commit 11 at 2025-10-14 18:07:25.771096
 1 file changed, 1 insertion(+)
[main a6d7f8d] Auto commit 12 at 2025-10-14 18:07:29.879745
 1 file changed, 1 insertion(+)
[main 25b3044] Auto commit 13 at 2025-10-14 18:07:34.989395
 1 file changed, 1 insertion(+)
[main 80e3883] Auto commit 14 at 2025-10-14 18:07:36.128646
 1 file changed, 1 insertion(+)
[main 8996867] Auto commit 15 at 2025-10-14 18:07:37.299810
 1 file changed, 1 insertion(+)
[main 887698e] Auto commit 16 at 2025-10-14 18:07:39.468274
 1 file changed, 1 insertion(+)
[main 5e1bbd6] Auto commit 17 at 2025-10-14 18:07:41.570891
 1 file changed, 1 insertion(+)
[main 797f806] Auto commit 18 at 2025-10-14 18:07:43.767449
 1 file changed, 1 insertion(+)
[main e9da5a7] Auto commit 19 at 2025-10-14 18:07:45.919486
 1 file changed, 1 insertion(+)
[main bbafdac] Auto commit 20 at 2025-10-14 18:07:48.022468
 1 file changed, 1 insertion(+)
[main 9fb8b13] Auto commit 21 at 2025-10-14 18:07:49.182061
 1 file changed, 1 insertion(+)
[main bdb6902] Auto commit 22 at 2025-10-14 18:07:54.352277
 1 file changed, 1 insertion(+)
[main 0dbbcb6] Auto commit 23 at 2025-10-14 18:07:57.521319
 1 file changed, 1 insertion(+)
[main e6470c8] Auto commit 24 at 2025-10-14 18:07:58.655536
 1 file changed, 1 insertion(+)
[main d2b930f] Auto commit 25 at 2025-10-14 18:08:00.842377
 1 file changed, 1 insertion(+)
[main b0f2084] Auto commit 26 at 2025-10-14 18:08:04.010131
 1 file changed, 1 insertion(+)
[main 17ae2c0] Auto commit 27 at 2025-10-14 18:08:07.131152
 1 file changed, 1 insertion(+)
fatal: could not read Username for 'https://github.com': Device not configured
Making 27 commits today...
Commit 1 done, waiting 2s...
Commit 2 done, waiting 1s...
Commit 3 done, waiting 5s...
Commit 4 done, waiting 3s...
Commit 5 done, waiting 2s...
Commit 6 done, waiting 3s...
Commit 7 done, waiting 2s...
Commit 8 done, waiting 1s...
Commit 9 done, waiting 1s...
Commit 10 done, waiting 3s...
Commit 11 done, waiting 4s...
Commit 12 done, waiting 5s...
Commit 13 done, waiting 1s...
Commit 14 done, waiting 1s...
Commit 15 done, waiting 2s...
Commit 16 done, waiting 2s...
Commit 17 done, waiting 2s...
Commit 18 done, waiting 2s...
Commit 19 done, waiting 2s...
Commit 20 done, waiting 1s...
Commit 21 done, waiting 5s...
Commit 22 done, waiting 3s...
Commit 23 done, waiting 1s...
Commit 24 done, waiting 2s...
Commit 25 done, waiting 3s...
Commit 26 done, waiting 3s...
Commit 27 done, waiting 2s...
✅ All commits pushed!
[main 205aaf7] Auto commit 1 at 2025-10-14 18:18:00.479622
 1 file changed, 1 insertion(+)
[main 4c9e3e2] Auto commit 2 at 2025-10-14 18:18:05.624531
 1 file changed, 1 insertion(+)
[main 2f04023] Auto commit 3 at 2025-10-14 18:18:10.725953
 1 file changed, 1 insertion(+)
[main e30c8d7] Auto commit 4 at 2025-10-14 18:18:15.847703
 1 file changed, 1 insertion(+)
[main 1df4ee1] Auto commit 5 at 2025-10-14 18:18:20.992370
 1 file changed, 1 insertion(+)
[main 6ef1a0f] Auto commit 6 at 2025-10-14 18:18:25.106887
 1 file changed, 1 insertion(+)
[main 8467026] Auto commit 7 at 2025-10-14 18:18:28.237207
 1 file changed, 1 insertion(+)
[main b3c39fa] Auto commit 8 at 2025-10-14 18:18:31.399656
 1 file changed, 1 insertion(+)
[main 6eba689] Auto commit 9 at 2025-10-14 18:18:35.509896
 1 file changed, 1 insertion(+)
[main f12eec1] Auto commit 10 at 2025-10-14 18:18:40.680012
 1 file changed, 1 insertion(+)
[main eed3cf2] Auto commit 11 at 2025-10-14 18:18:41.783344
 1 file changed, 1 insertion(+)
[main bb03259] Auto commit 12 at 2025-10-14 18:18:44.926557
 1 file changed, 1 insertion(+)
[main a2f9935] Auto commit 13 at 2025-10-14 18:18:46.019291
 1 file changed, 1 insertion(+)
[main a5a95f3] Auto commit 14 at 2025-10-14 18:18:51.171766
 1 file changed, 1 insertion(+)
[main 443e170] Auto commit 15 at 2025-10-14 18:18:55.324505
 1 file changed, 1 insertion(+)
[main 958ef5b] Auto commit 16 at 2025-10-14 18:18:59.496472
 1 file changed, 1 insertion(+)
[main 61b6f75] Auto commit 17 at 2025-10-14 18:19:04.648722
 1 file changed, 1 insertion(+)
[main 8758591] Auto commit 18 at 2025-10-14 18:19:09.791860
 1 file changed, 1 insertion(+)
[main 1d01c11] Auto commit 19 at 2025-10-14 18:19:11.972318
 1 file changed, 1 insertion(+)
[main 0edc148] Auto commit 20 at 2025-10-14 18:19:15.109563
 1 file changed, 1 insertion(+)
[main d505b79] Auto commit 21 at 2025-10-14 18:19:17.205487
 1 file changed, 1 insertion(+)
[main b373d00] Auto commit 22 at 2025-10-14 18:19:20.367371
 1 file changed, 1 insertion(+)
[main b86502b] Auto commit 23 at 2025-10-14 18:19:24.530581
 1 file changed, 1 insertion(+)
fatal: could not read Username for 'https://github.com': Device not configured
Making 23 commits today...
Commit 1 done, waiting 5s...
Commit 2 done, waiting 5s...
Commit 3 done, waiting 5s...
Commit 4 done, waiting 5s...
Commit 5 done, waiting 4s...
Commit 6 done, waiting 3s...
Commit 7 done, waiting 3s...
Commit 8 done, waiting 4s...
Commit 9 done, waiting 5s...
Commit 10 done, waiting 1s...
Commit 11 done, waiting 3s...
Commit 12 done, waiting 1s...
Commit 13 done, waiting 5s...
Commit 14 done, waiting 4s...
Commit 15 done, waiting 4s...
Commit 16 done, waiting 5s...
Commit 17 done, waiting 5s...
Commit 18 done, waiting 2s...
Commit 19 done, waiting 3s...
Commit 20 done, waiting 2s...
Commit 21 done, waiting 3s...
Commit 22 done, waiting 4s...
Commit 23 done, waiting 3s...
✅ All commits pushed!
